[hue-alfred-workflow: request(put, /lights/3/state, {"on": true}) (2016-02-25-16:43:02)]
[hue-alfred-workflow: request(put, /lights/3/state, {"bri": 255}) (2016-02-25-16:43:13)]
[hue-alfred-workflow: request(put, /lights/3/state, {"on": false}) (2016-02-25-16:43:30)]
[hue-alfred-workflow: request(put, /lights/2/state, {"on": true}) (2016-03-02-08:49:59)]
[hue-alfred-workflow: request(put, /lights/2/state, {"bri": 2}) (2016-03-02-08:50:10)]
[hue-alfred-workflow: request(put, /lights/2/state, {"bri": 2}) (2016-03-02-08:50:24)]
[hue-alfred-workflow: request(put, /lights/2/state, {"bri": 252}) (2016-03-02-08:50:58)]
[hue-alfred-workflow: request(put, /lights/2/state, {"on": false}) (2016-03-02-21:10:34)]
[hue-alfred-workflow: request(put, /lights/2/state, {"on": true}) (2016-03-18-13:53:46)]
[hue-alfred-workflow: request(put, /groups/0/action, {"on": false}) (2016-03-19-02:48:44)]
[hue-alfred-workflow: request(put, /groups/0/action, {"on": true}) (2016-03-20-14:17:28)]
[hue-alfred-workflow: request(put, /groups/0/action, {"on": true}) (2016-04-09-17:35:10)]
[hue-alfred-workflow: request(put, /groups/0/action, {"on": true}) (2016-06-06-07:32:03)]
[hue-alfred-workflow: request(put, /groups/0/action, {"bri": 255}) (2016-06-06-07:32:22)]
[hue-alfred-workflow: request(put, /groups/0/action, {"bri": 127}) (2016-06-06-23:00:46)]
[hue-alfred-workflow: request(put, /groups/0/action, {"bri": 204}) (2016-06-06-23:00:55)]
[hue-alfred-workflow: request(put, /groups/0/action, {"on": true}) (2016-06-07-13:52:20)]
[hue-alfred-workflow: request(put, /lights/1/state, {"on": false}) (2016-06-13-08:02:37)]
[hue-alfred-workflow: request(put, /lights/2/state, {"on": true}) (2016-06-20-21:54:14)]
[hue-alfred-workflow: request(put, /lights/2/state, {"bri": 255}) (2016-06-24-10:04:41)]
[hue-alfred-workflow: request(put, /lights/1/state, {"on": false}) (2016-06-25-17:06:29)]
[hue-alfred-workflow: request(put, /groups/0/action, {"on": true}) (2016-06-26-14:27:21)]
[hue-alfred-workflow: request(put, /lights/2/state, {"on": false}) (2016-06-26-14:27:26)]
[hue-alfred-workflow: request(put, /lights/1/state, {"on": false}) (2016-06-26-14:27:36)]
[hue-alfred-workflow: request(put, /groups/0/action, {"on": true}) (2016-06-26-20:28:30)]
[hue-alfred-workflow: request(put, /lights/2/state, {"on": true}) (2016-06-30-09:24:23)]
[hue-alfred-workflow: request(put, /lights/3/state, {"on": true}) (2016-06-30-09:24:31)]
